\BOOKMARK [1][-]{section.1}{\376\377\000G\000i\000t\000h\000u\000b\060\352\060\335\060\270\060\310\060\352\060\156\000U\000R\000L}{}% 1
\BOOKMARK [1][-]{section.2}{\376\377\060\157\060\130\060\201\060\153}{}% 2
\BOOKMARK [1][-]{section.3}{\376\377\225\213\166\172\200\005\124\021\060\121\116\325\151\330\146\370\000\050\122\035\146\037\133\146\127\022\127\050\133\146\060\242\060\244\060\311\060\353\173\241\164\006\377\014\210\150\171\072\060\267\060\271\060\306\060\340\000\051}{}% 3
\BOOKMARK [2][-]{subsection.3.1}{\376\377\151\202\211\201}{section.3}% 4
\BOOKMARK [2][-]{subsection.3.2}{\376\377\060\307\060\374\060\277\151\313\220\040}{section.3}% 5
\BOOKMARK [2][-]{subsection.3.3}{\376\377\000H\000T\000T\000P\060\341\060\275\060\303\060\311\060\150\060\352\060\275\060\374\060\271\124\015}{section.3}% 6
\BOOKMARK [2][-]{subsection.3.4}{\376\377\060\332\060\374\060\270\220\167\171\373}{section.3}% 7
\BOOKMARK [2][-]{subsection.3.5}{\376\377\144\315\117\134\060\156\212\163\175\060}{section.3}% 8
\BOOKMARK [2][-]{subsection.3.6}{\376\377\217\375\122\240\060\373\122\112\226\144\060\373\175\350\226\306\137\214\060\153\210\150\171\072\060\131\060\213\121\205\133\271}{section.3}% 9
\BOOKMARK [2][-]{subsection.3.7}{\376\377\060\271\060\277\060\244\060\353\060\267\060\374\060\310\377\010\000i\000d\000o\000l\000.\000c\000s\000s\377\011\060\156\151\202\211\201\060\150\143\241\165\050\164\006\165\061}{section.3}% 10
\BOOKMARK [3][-]{subsubsection.3.7.1}{\376\377\151\202\211\201}{subsection.3.7}% 11
\BOOKMARK [3][-]{subsubsection.3.7.2}{\376\377\143\241\165\050\164\006\165\061}{subsection.3.7}% 12
\BOOKMARK [1][-]{section.4}{\376\377\225\213\166\172\200\005\124\021\060\121\116\325\151\330\146\370\000\050\133\146\127\022\060\242\060\244\060\311\060\353\060\336\060\271\060\277\060\374\060\324\060\303\060\257\060\242\060\303\060\327\060\254\060\301\060\343\116\000\211\247\060\267\060\271\060\306\060\340\000\051}{}% 13
\BOOKMARK [2][-]{subsection.4.1}{\376\377\151\202\211\201}{section.4}% 14
\BOOKMARK [2][-]{subsection.4.2}{\376\377\060\307\060\374\060\277\151\313\220\040}{section.4}% 15
\BOOKMARK [2][-]{subsection.4.3}{\376\377\000H\000T\000T\000P\060\341\060\275\060\303\060\311\060\150\060\352\060\275\060\374\060\271\124\015}{section.4}% 16
\BOOKMARK [2][-]{subsection.4.4}{\376\377\060\332\060\374\060\270\220\167\171\373}{section.4}% 17
\BOOKMARK [2][-]{subsection.4.5}{\376\377\144\315\117\134\060\156\212\163\175\060}{section.4}% 18
\BOOKMARK [2][-]{subsection.4.6}{\376\377\217\375\122\240\060\373\122\112\226\144\060\373\175\350\226\306\137\214\060\153\210\150\171\072\060\131\060\213\121\205\133\271}{section.4}% 19
\BOOKMARK [1][-]{section.5}{\376\377\225\213\166\172\200\005\124\021\060\121\116\325\151\330\146\370\000\050\000D\000M\000T\000C\000G\125\106\124\301\140\305\130\061\173\241\164\006\060\267\060\271\060\306\060\340\000\051}{}% 20
\BOOKMARK [2][-]{subsection.5.1}{\376\377\151\202\211\201}{section.5}% 21
\BOOKMARK [2][-]{subsection.5.2}{\376\377\060\307\060\374\060\277\151\313\220\040}{section.5}% 22
\BOOKMARK [2][-]{subsection.5.3}{\376\377\000H\000T\000T\000P\060\341\060\275\060\303\060\311\060\150\060\352\060\275\060\374\060\271\124\015}{section.5}% 23
\BOOKMARK [2][-]{subsection.5.4}{\376\377\060\332\060\374\060\270\220\167\171\373}{section.5}% 24
\BOOKMARK [2][-]{subsection.5.5}{\376\377\144\315\117\134\060\156\212\163\175\060}{section.5}% 25
\BOOKMARK [2][-]{subsection.5.6}{\376\377\217\375\122\240\060\373\122\112\226\144\060\373\175\350\226\306\137\214\060\153\210\150\171\072\060\131\060\213\121\205\133\271}{section.5}% 26
\BOOKMARK [1][-]{section.6}{\376\377\122\051\165\050\200\005\124\021\060\121\116\325\151\330\146\370}{}% 27
\BOOKMARK [2][-]{subsection.6.1}{\376\377\000"\122\035\146\037\133\146\127\022\127\050\133\146\060\242\060\244\060\311\060\353\124\015\174\077\116\000\211\247\000"\060\267\060\271\060\306\060\340\060\153\060\144\060\104\060\146}{section.6}% 28
\BOOKMARK [3][-]{subsubsection.6.1.1}{\376\377\060\147\060\115\060\213\060\123\060\150}{subsection.6.1}% 29
\BOOKMARK [2][-]{subsection.6.2}{\376\377\060\267\060\271\060\306\060\340\060\156\117\177\060\104\145\271}{section.6}% 30
\BOOKMARK [3][-]{subsubsection.6.2.1}{\376\377\060\242\060\244\060\311\060\353\116\000\211\247\060\222\211\213\060\213}{subsection.6.2}% 31
\BOOKMARK [3][-]{subsubsection.6.2.2}{\376\377\060\242\060\244\060\311\060\353\060\156\212\163\060\127\060\104\140\305\130\061\060\222\211\213\060\213}{subsection.6.2}% 32
\BOOKMARK [3][-]{subsubsection.6.2.3}{\376\377\145\260\060\127\060\104\060\242\060\244\060\311\060\353\060\222\166\173\223\062\060\131\060\213}{subsection.6.2}% 33
\BOOKMARK [3][-]{subsubsection.6.2.4}{\376\377\060\242\060\244\060\311\060\353\060\156\140\305\130\061\060\222\117\356\153\143\060\131\060\213}{subsection.6.2}% 34
\BOOKMARK [3][-]{subsubsection.6.2.5}{\376\377\060\242\060\244\060\311\060\353\060\156\140\305\130\061\060\222\122\112\226\144\060\131\060\213}{subsection.6.2}% 35
\BOOKMARK [1][-]{section.7}{\376\377\173\241\164\006\200\005\124\021\060\121\116\325\151\330\146\370}{}% 36
\BOOKMARK [2][-]{subsection.7.1}{\376\377\151\202\211\201}{section.7}% 37
\BOOKMARK [2][-]{subsection.7.2}{\376\377\060\267\060\271\060\306\060\340\211\201\116\366}{section.7}% 38
